D:\Visual Studio 2017\Common7\IDE\VC\VCTargets\Microsoft.Cpp.props(31,3): warning MSB4011: "D:\Visual Studio 2017\Common7\IDE\VC\VCTargets\Microsoft.Makefile.props" cannot be imported again. It was already imported at "C:\Program Files (x86)\MSBuild\Microsoft.Cpp\v4.0\V140\Microsoft.cpp.props (31,3)". This is most likely a build authoring error. This subsequent import will be ignored. [D:\Meridian59\kod\blakod.vcxproj]
  
  Microsoft (R) Program Maintenance Utility Version 14.00.24210.0
  Copyright (C) Microsoft Corporation.  All rights reserved.
  
  Building util 
  Building factgame 
  Building gameevent 
  Building invasion 
  Building object 
  Building active 
  Building holder 
  Building room 
  Building barlqrm 
  Building crnthrm 
  Building jasperrm 
  Building kocarm 
  Building marnrm 
  Building tosrm 
  Building ghall 
  Building razarm 
  Building monsroom 
  Building objroom 
  Building feyforst 
  Building bossroom 
  Building kcforest 
  Building oldtown 
  Building rentroom 
  Building desert 
  Building nomoveon 
  Building battler 
  Building monster 
  Building giarat 
  Building mummy 
  Building skel 
  Building elemental 
  Building iceleme 
  Building fieleme 
  Building eaeleme 
  Building neeleme 
  Building temples 
  Building towns 
  Building barlqtwn 
  Building crnthtwn 
  Building jasprtwn 
  Building marntwn 
  Building tostwn 
  Building razatwn 
  Building kocatwn 
  Building wanderer 
  Building council 
  Building factions 
  Building grdworm 
  Building human 
  Building troop 
  Building factionmage 
  Building xeochctl 
  Building bunny 
  Building player 
  Building user 
  Building dm 
  Building admin 
  Building storebox 
  Building portal 
  Building wallelem 
  Building passive 
  Building spell 
  Building atakspel 
  Building boltspel 
  Building radproj 
  Building boon 
  Building debuff 
  Building disease 
  Building dmspell 
  Building heal 
  Building itemench 
  Building multicst 
  Building persench 
  Building resist 
  Building touchatk 
  Building radiusench 
  Building jala 
  Building hinder 
  Building roomench 
  Building teleportspell 
  Building utility 
  Building walspell 
  Building news 
  Building trestype 
  Building skill 
  Building profic 
  Building stroke 
  Building unarmed 
  Building mananode 
  Building guild 
  Building guildcmd 
  Building brain 
  Building itematt 
  Building weapatt 
  Building flikerer 
  Building objectatt 
  Building weaponobjectatt 
  Building defmodobjectatt 
  Building roomflagicon 
  Building questtemplate 
  Building princessqt 
  Building soldierqt 
  Building tradingpostqt 
  Building bowmakerqt 
  Building offeringqt 
  Building chessqt 
  Building loveletterqt 
  Building taxqt 
  Building murderqt 
  Building cessmurderqt 
  Building dukemurderqt 
  Building jonasmurderqt 
  Building item 
  Building actitem 
  Building passitem 
  Building attmod 
  Building defmod 
  Building armor 
  Building robebase 
  Building robedisc 
  Building shield 
  Building soldshld 
  Building helmet 
  Building mask 
  Building pants 
  Building shirtbase 
  Building factflag 
  Building gem 
  Building gemresist 
  Building gemspellpower 
  Building healer 
  Building hstone 
  Building inscript 
  Building instrum 
  Building lute 
  Building minigame 
  Building necklace 
  Building numbitem 
  Building food 
  Building ammo 
  Building reagent 
  Building offering 
  Building pforget 
  Building questitem 
  Building ring 
  Building resring 
  Building rod 
  Building spellrod 
  Building roomkeyc 
  Building spelitem 
  Building potion 
  Building scroll 
  Building wand 
  Building spelitemsplit 
  Building swshard 
  Building token 
  Building totem 
  Building weapon 
  Building ranged 
  Building bow 
  Building lorebook 
  Copying kodbase.txt and kod include files
          1 file(s) copied.
  ..\kod\include\blakston.khd
  ..\kod\include\protocol.khd
          2 file(s) copied.
  Copying .rsc files, creating server and client .rsb files
          1 file(s) copied.
